<?xml version="1.0" encoding="UTF-8"?>
<!-- Generated by org.testng.reporters.JUnitReportReporter -->
<testsuite hostname="DESKTOP-QP0J7D2" failures="0" tests="1" name="com.inetBanking.testcases.TC_LoginTest_001" time="1.834" errors="0" timestamp="2021-03-23T00:43:29 IST" skipped="0">
  <testcase classname="com.inetBanking.testcases.TC_LoginTest_001" name="loginTest" time="1.834"/>
  <system-out/>
</testsuite> <!-- com.inetBanking.testcases.TC_LoginTest_001 -->
