<?xml version="1.0" encoding="UTF-8"?>
<!-- Generated by org.testng.reporters.JUnitReportReporter -->
<testsuite hostname="DESKTOP-QP0J7D2" failures="0" tests="1" name="com.inetBanking.testcases.TC_AddCustomerTest_003" time="13.625" errors="0" timestamp="2021-03-25T11:55:30 IST" skipped="0">
  <testcase classname="com.inetBanking.testcases.TC_AddCustomerTest_003" name="AddNewCuatomer" time="13.625"/>
  <system-out/>
</testsuite> <!-- com.inetBanking.testcases.TC_AddCustomerTest_003 -->
