<?xml version="1.0" encoding="UTF-8"?>
<!-- Generated by org.testng.reporters.JUnitReportReporter -->
<testsuite hostname="DESKTOP-QP0J7D2" failures="0" tests="1" name="inetBankingV1.inetBankingV1.AppTest" time="0.010" errors="0" timestamp="2021-03-25T23:44:37 IST" skipped="0">
  <testcase classname="inetBankingV1.inetBankingV1.AppTest" name="shouldAnswerWithTrue" time="0.010"/>
  <system-out/>
</testsuite> <!-- inetBankingV1.inetBankingV1.AppTest -->
